Arguments: 
  C:\Program Files\nodejs\node.exe C:\Program Files (x86)\Yarn\bin\yarn.js start

PATH: 
  C:\Program Files\Common Files\Oracle\Java\javapath;C:\Windows\system32;C:\Windows;C:\Windows\System32\Wbem;C:\Windows\System32\WindowsPowerShell\v1.0\;C:\Windows\System32\OpenSSH\;C:\Program Files\PuTTY\;C:\Program Files\Microsoft SQL Server\130\Tools\Binn\;C:\Program Files\nodejs\;C:\Program Files (x86)\Yarn\bin\;C:\Program Files\Git\cmd;C:\Users\이성호\AppData\Local\Programs\Python\Python310\Scripts\;C:\Users\이성호\AppData\Local\Programs\Python\Python310\;C:\Users\이성호\AppData\Local\Microsoft\WindowsApps;;C:\Users\이성호\AppData\Local\Programs\Microsoft VS Code\bin;C:\Users\이성호\AppData\Local\afreeca;C:\Users\이성호\AppData\Roaming\npm;C:\Users\이성호\AppData\Local\Yarn\bin

Yarn version: 
  1.22.19

Node version: 
  16.15.0

Platform: 
  win32 x64

Trace: 
  SyntaxError: C:\Users\이성호\Desktop\reactStudy\vanilla-redux\package.json: Unexpected end of JSON input
      at JSON.parse (<anonymous>)
      at C:\Program Files (x86)\Yarn\lib\cli.js:1629:59
      at Generator.next (<anonymous>)
      at step (C:\Program Files (x86)\Yarn\lib\cli.js:310:30)
      at C:\Program Files (x86)\Yarn\lib\cli.js:321:13

npm manifest: 
  

yarn manifest: 
  No manifest

Lockfile: 
  No lockfile
